DO $$
BEGIN
	IF EXISTS (SELECT 1 FROM pg_extension WHERE extname = 'pg_flashback') THEN
		EXECUTE 'DROP EXTENSION pg_flashback CASCADE';
	END IF;
END;
$$;
CREATE EXTENSION pg_flashback VERSION '0.1.0';
SELECT extversion = '0.1.0' AS at_old_version
FROM pg_extension
WHERE extname = 'pg_flashback';
 at_old_version 
----------------
 t
(1 row)

SELECT to_regprocedure('pg_flashback(text,text,text)') IS NOT NULL AS has_old_entry,
	   to_regprocedure('pg_flashback(anyelement,text)') IS NULL AS no_new_entry;
 has_old_entry | no_new_entry 
---------------+--------------
 t             | t
(1 row)

ALTER EXTENSION pg_flashback UPDATE TO '0.2.5';
SELECT extversion = '0.2.5' AS at_new_version
FROM pg_extension
WHERE extname = 'pg_flashback';
 at_new_version 
----------------
 t
(1 row)

SELECT to_regprocedure('pg_flashback(text,text,text)') IS NULL AS no_old_entry,
	   to_regprocedure('pg_flashback(anyelement,text)') IS NOT NULL AS has_new_entry,
	   to_regprocedure('pg_flashback_dml_profile(anyelement,text)') IS NOT NULL
	   AS has_dml_profile_entry,
	   to_regprocedure('pg_flashback_dml_profile_detail(anyelement,text)') IS NOT NULL
	   AS has_dml_profile_detail_entry,
	   to_regprocedure('pg_flashback_debug_unresolv_xid(regclass,timestamptz)') IS NOT NULL
	   AS has_unresolved_xid_debug_entry,
	   to_regprocedure('fb_summary_service_debug_internal()') IS NULL
	   AS no_summary_service_debug_internal,
	   to_regclass('pg_flashback_summary_service_debug') IS NULL
	   AS no_summary_service_debug_view;
 no_old_entry | has_new_entry | has_dml_profile_entry | has_dml_profile_detail_entry | has_unresolved_xid_debug_entry | no_summary_service_debug_internal | no_summary_service_debug_view 
--------------+---------------+-----------------------+------------------------------+--------------------------------+-----------------------------------+-------------------------------
 t            | t             | t                     | t                            | t                              | t                                 | t
(1 row)

SET pg_flashback.show_progress = off;
DO $$
BEGIN
	EXECUTE format('SET pg_flashback.archive_dir = %L', current_setting('data_directory') || '/pg_wal');
END;
$$;
CREATE TABLE fb_extension_upgrade_target (
	id integer PRIMARY KEY,
	note text
);
INSERT INTO fb_extension_upgrade_target VALUES
	(1, 'before'),
	(2, 'before');
CREATE TABLE fb_extension_upgrade_mark (
	target_ts timestamptz NOT NULL
);
INSERT INTO fb_extension_upgrade_mark VALUES (clock_timestamp());
INSERT INTO fb_extension_upgrade_target VALUES (3, 'after');
DELETE FROM fb_extension_upgrade_target WHERE id = 2;
SELECT *
FROM pg_flashback(
	NULL::public.fb_extension_upgrade_target,
	(SELECT target_ts::text FROM fb_extension_upgrade_mark)
)
ORDER BY id;
 id |  note  
----+--------
  1 | before
  2 | before
(2 rows)
