DO $$
BEGIN
	IF EXISTS (SELECT 1 FROM pg_extension WHERE extname = 'pg_flashback') THEN
		EXECUTE 'DROP EXTENSION pg_flashback CASCADE';
	END IF;
END;
$$;
CREATE EXTENSION pg_flashback;
SELECT current_setting('pg_flashback.memory_limit');
 current_setting 
-----------------
 1GB
(1 row)

SELECT current_setting('pg_flashback.spill_mode');
 current_setting 
-----------------
 auto
(1 row)

SET pg_flashback.memory_limit = '2mb';
SELECT current_setting('pg_flashback.memory_limit');
 current_setting 
-----------------
 2MB
(1 row)

SET pg_flashback.memory_limit = '1gb';
SELECT current_setting('pg_flashback.memory_limit');
 current_setting 
-----------------
 1GB
(1 row)

SET pg_flashback.memory_limit = '8gb';
SELECT current_setting('pg_flashback.memory_limit');
 current_setting 
-----------------
 8GB
(1 row)

SET pg_flashback.memory_limit = '32gb';
SELECT current_setting('pg_flashback.memory_limit');
 current_setting 
-----------------
 32GB
(1 row)

SET pg_flashback.spill_mode = 'memory';
SELECT current_setting('pg_flashback.spill_mode');
 current_setting 
-----------------
 memory
(1 row)

SET pg_flashback.spill_mode = 'disk';
SELECT current_setting('pg_flashback.spill_mode');
 current_setting 
-----------------
 disk
(1 row)

SET pg_flashback.spill_mode = 'badmode';
ERROR:  invalid value for parameter "pg_flashback.spill_mode": "badmode"
DETAIL:  pg_flashback.spill_mode must be one of: auto, memory, disk.
SET pg_flashback.memory_limit = '33gb';
ERROR:  invalid value for parameter "pg_flashback.memory_limit": "33gb"
DETAIL:  pg_flashback.memory_limit must be between 1kB and 32GB.
SET pg_flashback.show_process = off;
ERROR:  invalid configuration parameter name "pg_flashback.show_process"
DETAIL:  "pg_flashback" is a reserved prefix.
