DO $$
BEGIN
	IF EXISTS (SELECT 1 FROM pg_extension WHERE extname = 'pg_flashback') THEN
		EXECUTE 'DROP EXTENSION pg_flashback CASCADE';
	END IF;
END;
$$;
CREATE EXTENSION pg_flashback;
DO $$
BEGIN
	EXECUTE format('SET pg_flashback.archive_dir = %L', current_setting('data_directory') || '/pg_wal');
END;
$$;
CREATE FUNCTION fb_progress_debug_set_clock(bigint[])
RETURNS void
AS '$libdir/pg_flashback', 'fb_progress_debug_set_clock'
LANGUAGE C STRICT;
CREATE FUNCTION fb_progress_debug_reset_clock()
RETURNS void
AS '$libdir/pg_flashback', 'fb_progress_debug_reset_clock'
LANGUAGE C;
CREATE TABLE fb_progress_target (
	id integer PRIMARY KEY,
	note text
);
CHECKPOINT;
INSERT INTO fb_progress_target VALUES
	(1, 'baseline'),
	(2, 'baseline'),
	(3, 'baseline'),
	(4, 'baseline'),
	(5, 'baseline');
CREATE TABLE fb_progress_mark (
	target_ts timestamptz NOT NULL
);
INSERT INTO fb_progress_mark VALUES (clock_timestamp());
UPDATE fb_progress_target
SET note = 'after-target'
WHERE id = 1;
SELECT fb_progress_debug_set_clock(ARRAY[
	0,
	1000,
	3000,
	6000,
	10000,
	15000,
	21000,
	28000,
	36000,
	45000,
	55000,
	66000,
	78000,
	91000,
	105000,
	120000,
	136000,
	153000,
	171000,
	190000,
	210000
]::bigint[]);
 fb_progress_debug_set_clock 
-----------------------------
 
(1 row)

SELECT *
FROM pg_flashback(
	NULL::public.fb_progress_target,
	(SELECT target_ts::text FROM fb_progress_mark)
)
ORDER BY id;
NOTICE:  [1/9] validating target relation and runtime (+1.000 ms)
NOTICE:  [2/9] preparing wal scan context (+2.000 ms)
NOTICE:  [3/9 0%] scanning wal and building record index (+3.000 ms)
NOTICE:  [3/9 50%] scanning wal and building record index (+4.000 ms)
NOTICE:  [3/9 100%] scanning wal and building record index (+5.000 ms)
NOTICE:  [4/9 0%] replay discover round=1 (+6.000 ms)
NOTICE:  [4/9 50%] replay discover round=1 (+7.000 ms)
NOTICE:  [4/9 100%] replay discover round=1 (+8.000 ms)
NOTICE:  [5/9 0%] replay warm (+9.000 ms)
NOTICE:  [5/9 100%] replay warm (+10.000 ms)
NOTICE:  [6/9 0%] replay final and build forward ops (+11.000 ms)
NOTICE:  [6/9 50%] replay final and build forward ops (+12.000 ms)
NOTICE:  [6/9 100%] replay final and build forward ops (+13.000 ms)
NOTICE:  [7/9 0%] building reverse ops (+14.000 ms)
NOTICE:  [7/9 100%] building reverse ops (+15.000 ms)
NOTICE:  [8/9 0%] applying reverse ops (+16.000 ms)
NOTICE:  [8/9 100%] applying reverse ops (+17.000 ms)
NOTICE:  [9/9 0%] emitting residual historical rows (+18.000 ms)
NOTICE:  [9/9 100%] emitting residual historical rows (+19.000 ms)
NOTICE:  [done] total elapsed 210.000 ms
 id |   note   
----+----------
  1 | baseline
  2 | baseline
  3 | baseline
  4 | baseline
  5 | baseline
(5 rows)

SELECT fb_progress_debug_reset_clock();
 fb_progress_debug_reset_clock 
-------------------------------
 
(1 row)

SET pg_flashback.show_progress = off;
SELECT *
FROM pg_flashback(
	NULL::public.fb_progress_target,
	(SELECT target_ts::text FROM fb_progress_mark)
)
ORDER BY id;
 id |   note   
----+----------
  1 | baseline
  2 | baseline
  3 | baseline
  4 | baseline
  5 | baseline
(5 rows)

