DO $$
BEGIN
	IF EXISTS (SELECT 1 FROM pg_extension WHERE extname = 'pg_flashback') THEN
		EXECUTE 'DROP EXTENSION pg_flashback CASCADE';
	END IF;
END;
$$;
CREATE EXTENSION pg_flashback;
DO $$
BEGIN
	IF to_regprocedure('fb_runtime_create_test_artifacts_debug(integer)') IS NOT NULL THEN
		EXECUTE 'DROP FUNCTION fb_runtime_create_test_artifacts_debug(integer)';
	END IF;
	IF to_regprocedure('fb_runtime_remove_test_artifacts_debug(integer)') IS NOT NULL THEN
		EXECUTE 'DROP FUNCTION fb_runtime_remove_test_artifacts_debug(integer)';
	END IF;
END;
$$;
CREATE FUNCTION fb_runtime_create_test_artifacts_debug(integer)
RETURNS boolean
AS '$libdir/pg_flashback', 'fb_runtime_create_test_artifacts_debug'
LANGUAGE C
STRICT;
CREATE FUNCTION fb_runtime_remove_test_artifacts_debug(integer)
RETURNS boolean
AS '$libdir/pg_flashback', 'fb_runtime_remove_test_artifacts_debug'
LANGUAGE C
STRICT;
SET pg_flashback.show_progress = off;
DO $$
BEGIN
	EXECUTE format('SET pg_flashback.archive_dir = %L', current_setting('data_directory') || '/pg_wal');
END;
$$;
DROP TABLE IF EXISTS fb_runtime_cleanup_target;
NOTICE:  table "fb_runtime_cleanup_target" does not exist, skipping
DROP TABLE IF EXISTS fb_runtime_cleanup_mark;
NOTICE:  table "fb_runtime_cleanup_mark" does not exist, skipping
CREATE TABLE fb_runtime_cleanup_target (
	id integer PRIMARY KEY,
	payload text
);
CHECKPOINT;
INSERT INTO fb_runtime_cleanup_target VALUES (1, 'before');
CREATE TABLE fb_runtime_cleanup_mark (
	target_ts timestamptz NOT NULL
);
INSERT INTO fb_runtime_cleanup_mark VALUES (clock_timestamp());
DO $$
BEGIN
	PERFORM pg_sleep(1.1);
END;
$$;
UPDATE fb_runtime_cleanup_target
SET payload = 'after'
WHERE id = 1;
SELECT fb_runtime_create_test_artifacts_debug(999999);
 fb_runtime_create_test_artifacts_debug 
----------------------------------------
 t
(1 row)

SELECT fb_runtime_create_test_artifacts_debug(pg_backend_pid());
 fb_runtime_create_test_artifacts_debug 
----------------------------------------
 t
(1 row)

SELECT count(*) AS stale_entries_before
FROM pg_ls_dir(current_setting('data_directory') || '/pg_flashback/runtime') AS t(name)
WHERE name LIKE 'fbspill-999999-%'
   OR name LIKE 'toast-retired-999999-%';
 stale_entries_before 
----------------------
                    2
(1 row)

SELECT count(*) AS live_entries_before
FROM pg_ls_dir(current_setting('data_directory') || '/pg_flashback/runtime') AS t(name)
WHERE name LIKE format('fbspill-%s-%%', pg_backend_pid())
   OR name LIKE format('toast-retired-%s-%%', pg_backend_pid());
 live_entries_before 
---------------------
                   2
(1 row)

WITH flashback AS (
	SELECT *
	FROM pg_flashback(
		NULL::fb_runtime_cleanup_target,
		(SELECT target_ts::text FROM fb_runtime_cleanup_mark)
	)
)
SELECT count(*) AS result_count,
	   min(id) AS min_id,
	   max(payload) = 'before' AS restored_before
FROM flashback;
 result_count | min_id | restored_before 
--------------+--------+-----------------
            1 |      1 | t
(1 row)

SELECT count(*) AS stale_entries_after
FROM pg_ls_dir(current_setting('data_directory') || '/pg_flashback/runtime') AS t(name)
WHERE name LIKE 'fbspill-999999-%'
   OR name LIKE 'toast-retired-999999-%';
 stale_entries_after 
---------------------
                   0
(1 row)

SELECT count(*) AS live_entries_after
FROM pg_ls_dir(current_setting('data_directory') || '/pg_flashback/runtime') AS t(name)
WHERE name LIKE format('fbspill-%s-%%', pg_backend_pid())
   OR name LIKE format('toast-retired-%s-%%', pg_backend_pid());
 live_entries_after 
--------------------
                  2
(1 row)

SELECT fb_runtime_remove_test_artifacts_debug(pg_backend_pid());
 fb_runtime_remove_test_artifacts_debug 
----------------------------------------
 t
(1 row)

SELECT count(*) AS live_entries_cleaned
FROM pg_ls_dir(current_setting('data_directory') || '/pg_flashback/runtime') AS t(name)
WHERE name LIKE format('fbspill-%s-%%', pg_backend_pid())
   OR name LIKE format('toast-retired-%s-%%', pg_backend_pid());
 live_entries_cleaned 
----------------------
                    0
(1 row)

