DO $$
BEGIN
	IF EXISTS (SELECT 1 FROM pg_extension WHERE extname = 'pg_flashback') THEN
		EXECUTE 'DROP EXTENSION pg_flashback CASCADE';
	END IF;
END;
$$;
CREATE EXTENSION pg_flashback;
SET pg_flashback.show_progress = off;
CREATE TABLE fb_runtime_table (id integer);
SELECT *
FROM pg_flashback(NULL::public.fb_runtime_table, now()::text);
 id 
----
(0 rows)

SELECT count(*)
FROM pg_flashback(NULL::public.fb_runtime_table, now()::text);
 count 
-------
     0
(1 row)

SET pg_flashback.archive_dir = '/__definitely_missing_pg_flashback_archive__';
SELECT *
FROM pg_flashback(NULL::public.fb_runtime_table, now()::text);
ERROR:  pg_flashback.archive_dir does not exist: /__definitely_missing_pg_flashback_archive__
SET pg_flashback.archive_dir = '/tmp';
SELECT *
FROM pg_flashback(NULL::public.fb_runtime_table, now()::text);
ERROR:  pg_flashback.archive_dir contains no WAL segments: /tmp
DO $$
BEGIN
	EXECUTE format('SET pg_flashback.archive_dir = %L', current_setting('data_directory') || '/pg_wal');
END;
$$;
SELECT *
FROM pg_flashback(NULL::public.fb_runtime_table, (now() + interval '1 hour')::text);
ERROR:  target timestamp is in the future
SELECT *
FROM pg_flashback(NULL::pg_catalog.pg_class, now()::text);
ERROR:  fb does not support system catalogs
SELECT *
FROM pg_flashback(NULL::public.fb_runtime_table, now()::text);
 id 
----
(0 rows)
