SET client_min_messages = warning;
CREATE EXTENSION IF NOT EXISTS pg_flashback;
RESET client_min_messages;
SET pg_flashback.show_progress = off;
CREATE FUNCTION fb_replay_discover_toast_contract_debug(regclass, timestamptz)
RETURNS text
AS '$libdir/pg_flashback', 'fb_replay_discover_toast_contract_debug'
LANGUAGE C STRICT;
CREATE TABLE fb_replay_discover_toast_t(
    id int PRIMARY KEY,
    payload text
);
SELECT clock_timestamp() AS target_ts \gset
INSERT INTO fb_replay_discover_toast_t
VALUES
    (1, repeat('a', 12000)),
    (2, repeat('b', 12000));
UPDATE fb_replay_discover_toast_t
SET payload = repeat('c', 12000)
WHERE id = 2;
SELECT fb_replay_discover_toast_contract_debug(
    'fb_replay_discover_toast_t'::regclass,
    :'target_ts'::timestamptz
);
      fb_replay_discover_toast_contract_debug      
---------------------------------------------------
 toast_puts=0 discover_rounds=1 toast_tupdesc=true
(1 row)

DROP TABLE fb_replay_discover_toast_t;
DROP FUNCTION fb_replay_discover_toast_contract_debug(regclass, timestamptz);
